.*button.*
.*.ico
.*_ico.*
.*/icon/.*
.*/icons/.*
.*/print.png.*
.*/print.jpg.*
.*/print.gif.*
.*/clear.png.*
.*/clear.jpg.*
.*/clear.gif.*
.*/twitter.jpg.*
.*/twitter.png.*
.*/twitter.gif.*
.*/facebook.jpg.*
.*/facebook.png.*
.*/facebook.gif.*
.*/digg.jpg.*
.*/digg.png.*
.*/digg.gif.*
.*/delicious.jpg.*
.*/delicious.png.*
.*/delicious.gif.*
.*/yahoo.jpg.*
.*/yahoo.png.*
.*/yahoo.gif.*
.*/icon_smile.jpg.*
.*/icon_smile.png.*
.*/icon_smile.gif.*
.*/comment.png.*
.*/comment.jpg.*
.*/comment.gif.*
.*/view_more.png.*
.*/view_more.jpg.*
.*/view_more.gif.*
.*/1px.gif.*
.*/1px.png.*
.*/1px.jpg.*
.*/2px.gif.*
.*/2px.png.*
.*/2px.jpg.*
.*/3px.gif.*
.*/3px.png.*
.*/3px.jpg.*
.*/1.gif.*
.*/1.png.*
.*/1.jpg.*
.*/2.jpg.*
.*/2.png.*
.*/2.gif.*
.*/3.jpg.*
.*/3.png.*
.*/3.gif.*
.*reddit.com.*
.*facebook.com.*
.*google.com.*
.*twitter.com.*
.*digg.com.*